<?xml version="1.0" encoding="utf-8"?><testsuites name="pytest tests"><testsuite name="pytest" errors="0" failures="0" skipped="0" tests="55" time="32.261" timestamp="2026-07-05T09:26:07.879253+00:00" hostname="agent-env-8f016cab-4e15-45ed-83a4-2817f1a42a35"><testcase classname="backend.tests.backend_test" name="test_root_health" time="0.227" /><testcase classname="backend.tests.backend_test.TestAuth" name="test_register_new_user" time="0.299" /><testcase classname="backend.tests.backend_test.TestAuth" name="test_register_duplicate" time="0.140" /><testcase classname="backend.tests.backend_test.TestAuth" name="test_register_short_password" time="0.073" /><testcase classname="backend.tests.backend_test.TestAuth" name="test_login_bad_password" time="0.250" /><testcase classname="backend.tests.backend_test.TestAuth" name="test_login_success" time="0.296" /><testcase classname="backend.tests.backend_test.TestAuth" name="test_me" time="0.286" /><testcase classname="backend.tests.backend_test.TestAuth" name="test_me_no_token" time="0.067" /><testcase classname="backend.tests.backend_test.TestAuth" name="test_update_calorie_goal" time="0.105" /><testcase classname="backend.tests.backend_test.TestAuth" name="test_update_calorie_goal_out_of_range" time="0.029" /><testcase classname="backend.tests.backend_test.TestWorkouts" name="test_workout_crud_flow" time="0.382" /><testcase classname="backend.tests.backend_test.TestWorkouts" name="test_workout_not_found" time="0.072" /><testcase classname="backend.tests.backend_test.TestAI" name="test_generate_workout" time="5.128" /><testcase classname="backend.tests.backend_test.TestAI" name="test_suggest_meals" time="4.458" /><testcase classname="backend.tests.backend_test.TestMeals" name="test_meal_crud" time="0.210" /><testcase classname="backend.tests.backend_test.TestMeals" name="test_meal_invalid_type" time="0.076" /><testcase classname="backend.tests.backend_test.TestMeasurements" name="test_measurement_partial_crud" time="0.096" /><testcase classname="backend.tests.backend_test.TestSummary" name="test_summary_today" time="0.030" /><testcase classname="backend.tests.backend_test.TestHistoryStats" name="test_history_stats_shape" time="0.071" /><testcase classname="backend.tests.backend_test.TestHistoryStats" name="test_history_increment_on_complete" time="0.280" /><testcase classname="backend.tests.backend_test.TestCoachChat" name="test_coach_chat_general_and_persistence" time="2.637" /><testcase classname="backend.tests.backend_test.TestCoachChat" name="test_coach_chat_scoped_to_workout" time="5.081" /><testcase classname="backend.tests.backend_test.TestCoachChat" name="test_coach_chat_validation" time="0.058" /><testcase classname="backend.tests.backend_test.TestProfile" name="test_new_user_has_default_profile_fields" time="0.327" /><testcase classname="backend.tests.backend_test.TestProfile" name="test_profile_update_computes_male" time="0.333" /><testcase classname="backend.tests.backend_test.TestProfile" name="test_profile_update_computes_female" time="0.435" /><testcase classname="backend.tests.backend_test.TestProfile" name="test_profile_persists_via_me" time="0.398" /><testcase classname="backend.tests.backend_test.TestProfile" name="test_profile_validation_errors" time="0.730" /><testcase classname="backend.tests.backend_test.TestProfile" name="test_manual_calorie_goal_flips_auto_and_persists" time="0.436" /><testcase classname="backend.tests.backend_test.TestProfile" name="test_profile_update_flips_auto_back_true" time="0.430" /><testcase classname="backend.tests.backend_test.TestProfile" name="test_profile_requires_auth" time="0.026" /><testcase classname="backend.tests.backend_test.TestCalorieRecommendation" name="test_me_exposes_new_adjust_fields" time="0.072" /><testcase classname="backend.tests.backend_test.TestCalorieRecommendation" name="test_reco_no_profile" time="0.326" /><testcase classname="backend.tests.backend_test.TestCalorieRecommendation" name="test_reco_insufficient_data_no_measurement" time="0.367" /><testcase classname="backend.tests.backend_test.TestCalorieRecommendation" name="test_reco_insufficient_data_span_less_than_7_days" time="0.402" /><testcase classname="backend.tests.backend_test.TestCalorieRecommendation" name="test_reco_seed_user_prise_de_masse_below" time="0.034" /><testcase classname="backend.tests.backend_test.TestCalorieRecommendation" name="test_reco_prise_de_masse_on_track" time="0.393" /><testcase classname="backend.tests.backend_test.TestCalorieRecommendation" name="test_reco_prise_de_masse_above" time="0.579" /><testcase classname="backend.tests.backend_test.TestCalorieRecommendation" name="test_reco_seche_losing_too_fast_protects_muscle" time="0.344" /><testcase classname="backend.tests.backend_test.TestCalorieRecommendation" name="test_reco_seche_not_losing_enough" time="0.401" /><testcase classname="backend.tests.backend_test.TestCalorieRecommendation" name="test_reco_maintien_stable" time="0.411" /><testcase classname="backend.tests.backend_test.TestCalorieRecommendation" name="test_apply_reco_updates_user_goal_and_reason" time="0.413" /><testcase classname="backend.tests.backend_test.TestCalorieRecommendation" name="test_apply_reco_no_adjustment_needed" time="0.415" /><testcase classname="backend.tests.backend_test.TestCalorieRecommendation" name="test_apply_reco_no_profile" time="0.343" /><testcase classname="backend.tests.backend_test.TestCalorieRecommendation" name="test_apply_reco_insufficient_data" time="0.352" /><testcase classname="backend.tests.backend_test.TestCalorieRecommendation" name="test_auto_adjust_on_new_weight_measurement" time="0.463" /><testcase classname="backend.tests.backend_test.TestCalorieRecommendation" name="test_auto_adjust_cooldown_blocks_second_within_7_days" time="0.529" /><testcase classname="backend.tests.backend_test.TestCalorieRecommendation" name="test_profile_update_resets_adjust_fields" time="0.378" /><testcase classname="backend.tests.backend_test.TestCalorieRecommendation" name="test_auto_adjust_bounds_max_5000" time="0.386" /><testcase classname="backend.tests.backend_test.TestCalorieRecommendation" name="test_auto_adjust_bounds_min_1200" time="0.406" /><testcase classname="backend.tests.backend_test.TestBellyAndLatest" name="test_create_measurement_with_belly_cm" time="0.400" /><testcase classname="backend.tests.backend_test.TestBellyAndLatest" name="test_latest_all_null_for_new_user" time="0.282" /><testcase classname="backend.tests.backend_test.TestBellyAndLatest" name="test_latest_returns_most_recent_non_null_per_field" time="0.367" /><testcase classname="backend.tests.backend_test.TestBellyAndLatest" name="test_legacy_measurement_without_belly_cm_deserializes" time="0.379" /><testcase classname="backend.tests.backend_test.TestBellyAndLatest" name="test_latest_seed_user_shape" time="0.109" /></testsuite></testsuites>