<?xml version="1.0" encoding="utf-8"?><testsuites name="pytest tests"><testsuite name="pytest" errors="0" failures="0" skipped="0" tests="23" time="17.554" timestamp="2026-07-04T20:26:33.773231+00:00" hostname="agent-env-8f016cab-4e15-45ed-83a4-2817f1a42a35"><testcase classname="backend.tests.backend_test" name="test_root_health" time="0.289" /><testcase classname="backend.tests.backend_test.TestAuth" name="test_register_new_user" time="0.302" /><testcase classname="backend.tests.backend_test.TestAuth" name="test_register_duplicate" time="0.058" /><testcase classname="backend.tests.backend_test.TestAuth" name="test_register_short_password" time="0.075" /><testcase classname="backend.tests.backend_test.TestAuth" name="test_login_bad_password" time="0.295" /><testcase classname="backend.tests.backend_test.TestAuth" name="test_login_success" time="0.295" /><testcase classname="backend.tests.backend_test.TestAuth" name="test_me" time="0.365" /><testcase classname="backend.tests.backend_test.TestAuth" name="test_me_no_token" time="0.070" /><testcase classname="backend.tests.backend_test.TestAuth" name="test_update_calorie_goal" time="0.153" /><testcase classname="backend.tests.backend_test.TestAuth" name="test_update_calorie_goal_out_of_range" time="0.077" /><testcase classname="backend.tests.backend_test.TestWorkouts" name="test_workout_crud_flow" time="0.467" /><testcase classname="backend.tests.backend_test.TestWorkouts" name="test_workout_not_found" time="0.071" /><testcase classname="backend.tests.backend_test.TestAI" name="test_generate_workout" time="4.225" /><testcase classname="backend.tests.backend_test.TestAI" name="test_suggest_meals" time="3.297" /><testcase classname="backend.tests.backend_test.TestMeals" name="test_meal_crud" time="0.296" /><testcase classname="backend.tests.backend_test.TestMeals" name="test_meal_invalid_type" time="0.043" /><testcase classname="backend.tests.backend_test.TestMeasurements" name="test_measurement_partial_crud" time="0.220" /><testcase classname="backend.tests.backend_test.TestSummary" name="test_summary_today" time="0.037" /><testcase classname="backend.tests.backend_test.TestHistoryStats" name="test_history_stats_shape" time="0.074" /><testcase classname="backend.tests.backend_test.TestHistoryStats" name="test_history_increment_on_complete" time="0.371" /><testcase classname="backend.tests.backend_test.TestCoachChat" name="test_coach_chat_general_and_persistence" time="2.574" /><testcase classname="backend.tests.backend_test.TestCoachChat" name="test_coach_chat_scoped_to_workout" time="3.721" /><testcase classname="backend.tests.backend_test.TestCoachChat" name="test_coach_chat_validation" time="0.072" /></testsuite></testsuites>